<?xml version="1.0" encoding="UTF-8"?>
<testng-results ignored="0" total="1" passed="1" failed="0" skipped="0">
  <reporter-output>
  </reporter-output>
  <suite started-at="2022-02-03T18:54:00 IST" name="LoginTests" finished-at="2022-02-03T18:54:13 IST" duration-ms="13240">
    <groups>
    </groups>
    <test started-at="2022-02-03T18:54:00 IST" name="NegativeLoginTests" finished-at="2022-02-03T18:54:13 IST" duration-ms="13240">
      <class name="tests.Test_1">
        <test-method is-config="true" signature="setupChromeDriver()[pri:0, instance:tests.Test_1@4278a03f]" started-at="2022-02-03T18:54:00 IST" name="setupChromeDriver" finished-at="2022-02-03T18:54:04 IST" duration-ms="4675" status="PASS">
          <reporter-output>
          </reporter-output>
        </test-method> <!-- setupChromeDriver -->
        <test-method is-config="true" signature="setupDrive()[pri:0, instance:tests.Test_1@4278a03f]" started-at="2022-02-03T18:54:04 IST" name="setupDrive" finished-at="2022-02-03T18:54:08 IST" duration-ms="3680" status="PASS">
          <reporter-output>
          </reporter-output>
        </test-method> <!-- setupDrive -->
        <test-method signature="test1()[pri:0, instance:tests.Test_1@4278a03f]" started-at="2022-02-03T18:54:08 IST" name="test1" finished-at="2022-02-03T18:54:12 IST" duration-ms="4543" status="PASS">
          <reporter-output>
          </reporter-output>
        </test-method> <!-- test1 -->
        <test-method is-config="true" signature="tearDown()[pri:0, instance:tests.Test_1@4278a03f]" started-at="2022-02-03T18:54:12 IST" name="tearDown" finished-at="2022-02-03T18:54:13 IST" duration-ms="274" status="PASS">
          <reporter-output>
          </reporter-output>
        </test-method> <!-- tearDown -->
      </class> <!-- tests.Test_1 -->
    </test> <!-- NegativeLoginTests -->
  </suite> <!-- LoginTests -->
</testng-results>
